> creating model roberta
> cuda memory allocated: 499891712
> training arguments:
>>> data_dir: data
>>> dataset: amazon-jewel
>>> model_name: roberta
>>> method: ce
>>> train_batch_size: 16
>>> test_batch_size: 64
>>> num_epoch: 100
>>> lr: 1e-05
>>> decay: 0.01
>>> alpha: 0.5
>>> temp: 0.1
>>> backend: False
>>> timestamp: 1711377871967
>>> device: cuda
>>> num_classes: 2
>>> log_name: amazon-jewel_roberta_ce_24-03-25_07-44-30.log
1/100 - 1.00%
[train] loss: 0.1953, acc: 92.09
[test] loss: 0.1766, acc: 92.92, f1: 0.89
[val] loss: 0.1740, acc: 92.95, f1: 0.89
2/100 - 2.00%
[train] loss: 0.1591, acc: 93.57
[test] loss: 0.1680, acc: 93.26, f1: 0.89
[val] loss: 0.1672, acc: 93.10, f1: 0.90
