> creating model roberta
> cuda memory allocated: 499891712
> training arguments:
>>> data_dir: data
>>> dataset: amazon-jewel
>>> model_name: roberta
>>> method: dualcl
>>> train_batch_size: 16
>>> test_batch_size: 64
>>> num_epoch: 100
>>> lr: 1e-05
>>> decay: 0.01
>>> alpha: 0.5
>>> temp: 0.1
>>> backend: False
>>> timestamp: 1711377983226
>>> device: cuda
>>> num_classes: 2
>>> log_name: amazon-jewel_roberta_dualcl_24-03-25_07-46-22.log
1/100 - 1.00%
[train] loss: 1.4479, acc: 89.56
[test] loss: 2.0322, acc: 92.19, f1: 0.88
[val] loss: 2.0313, acc: 92.17, f1: 0.88
2/100 - 2.00%
[train] loss: 1.3100, acc: 92.33
[test] loss: 2.0182, acc: 91.69, f1: 0.88
[val] loss: 2.0175, acc: 91.68, f1: 0.88
