> creating model roberta
> cuda memory allocated: 499891712
> training arguments:
>>> data_dir: data
>>> dataset: amazon-jewel
>>> model_name: roberta
>>> method: dualcl
>>> train_batch_size: 16
>>> test_batch_size: 64
>>> num_epoch: 100
>>> lr: 1e-05
>>> decay: 0.01
>>> alpha: 0.5
>>> temp: 0.1
>>> backend: False
>>> timestamp: 1711423075843
>>> device: cuda
>>> num_classes: 2
>>> log_name: amazon-jewel_roberta_dualcl_24-03-25_20-17-54.log
1/100 - 1.00%
[train] loss: 1.4690, acc: 88.66
[test] loss: 2.0255, acc: 92.31, f1: 0.88
[val] loss: 2.0210, acc: 92.44, f1: 0.88
